<?xml version="1.0" encoding="UTF-8"?>
<!-- Generated by org.testng.reporters.JUnitXMLReporter -->
<testsuite ignored="0" hostname="MX-IT04014.local" failures="0" tests="3" name="Amazon" time="16.89" errors="0" timestamp="2021-10-21T20:48:34 CDT">
  <testcase classname="com.unosquare.amazon.pageFactory.test.SearchProductTest" name="validate_searchResults" time="2.841"/>
  <testcase classname="com.unosquare.amazon.pageFactory.test.SearchProductTest" name="validate_priceOfItemSelected" time="3.297"/>
  <testcase classname="com.unosquare.amazon.pageFactory.test.SearchProductTest" name="validate_priceOfItemOnCart" time="4.473"/>
</testsuite> <!-- Amazon -->
