<?xml version="1.0" encoding="UTF-8"?>
<testng-results ignored="0" total="30" passed="28" failed="1" skipped="1">
  <reporter-output>
  </reporter-output>
  <suite started-at="2021-10-21T19:58:42 CDT" name="Fist Test Case for UNOSUARE" finished-at="2021-10-21T19:59:14 CDT" duration-ms="32552">
    <groups>
    </groups>
    <test started-at="2021-10-21T19:58:42 CDT" name="Amazon" finished-at="2021-10-21T19:59:14 CDT" duration-ms="32552">
      <class name="com.unosquare.amazon.pom.test.SignInTest">
        <test-method is-config="true" signature="setupWebDriver_Chrome()[pri:0, instance:com.unosquare.amazon.pom.test.SignInTest@31e75d13]" started-at="2021-10-21T19:58:54 CDT" name="setupWebDriver_Chrome" finished-at="2021-10-21T19:58:59 CDT" duration-ms="4814" status="PASS">
          <reporter-output>
          </reporter-output>
        </test-method> <!-- setupWebDriver_Chrome -->
        <test-method signature="testValidateGetAllEmployees()[pri:0, instance:com.unosquare.amazon.pom.test.SignInTest@31e75d13]" started-at="2021-10-21T19:58:59 CDT" name="testValidateGetAllEmployees" finished-at="2021-10-21T19:59:01 CDT" duration-ms="1531" status="PASS">
          <reporter-output>
          </reporter-output>
        </test-method> <!-- testValidateGetAllEmployees -->
        <test-method signature="signInCustomer()[pri:0, instance:com.unosquare.amazon.pom.test.SignInTest@31e75d13]" started-at="2021-10-21T19:59:01 CDT" name="signInCustomer" finished-at="2021-10-21T19:59:03 CDT" depends-on-methods="com.unosquare.amazon.pom.test.SignInTest.testValidateGetAllEmployees" duration-ms="1911" status="PASS">
          <reporter-output>
          </reporter-output>
        </test-method> <!-- signInCustomer -->
        <test-method signature="fillFormNewCustomer(java.lang.String,java.lang.String)[pri:0, instance:com.unosquare.amazon.pom.test.SignInTest@31e75d13]" started-at="2021-10-21T19:59:03 CDT" name="fillFormNewCustomer" data-provider="dataprovider-names-employees" finished-at="2021-10-21T19:59:03 CDT" depends-on-methods="com.unosquare.amazon.pom.test.SignInTest.signInCustomer" duration-ms="339" status="PASS">
          <params>
            <param index="0">
              <value>
                <![CDATA[Tiger]]>
              </value>
            </param>
            <param index="1">
              <value>
                <![CDATA[Nixon]]>
              </value>
            </param>
          </params>
          <reporter-output>
          </reporter-output>
        </test-method> <!-- fillFormNewCustomer -->
        <test-method signature="fillFormNewCustomer(java.lang.String,java.lang.String)[pri:0, instance:com.unosquare.amazon.pom.test.SignInTest@31e75d13]" started-at="2021-10-21T19:59:03 CDT" name="fillFormNewCustomer" data-provider="dataprovider-names-employees" finished-at="2021-10-21T19:59:03 CDT" depends-on-methods="com.unosquare.amazon.pom.test.SignInTest.signInCustomer" duration-ms="434" status="PASS">
          <params>
            <param index="0">
              <value>
                <![CDATA[Garrett]]>
              </value>
            </param>
            <param index="1">
              <value>
                <![CDATA[Winters]]>
              </value>
            </param>
          </params>
          <reporter-output>
          </reporter-output>
        </test-method> <!-- fillFormNewCustomer -->
        <test-method signature="fillFormNewCustomer(java.lang.String,java.lang.String)[pri:0, instance:com.unosquare.amazon.pom.test.SignInTest@31e75d13]" started-at="2021-10-21T19:59:03 CDT" name="fillFormNewCustomer" data-provider="dataprovider-names-employees" finished-at="2021-10-21T19:59:04 CDT" depends-on-methods="com.unosquare.amazon.pom.test.SignInTest.signInCustomer" duration-ms="271" status="PASS">
          <params>
            <param index="0">
              <value>
                <![CDATA[Ashton]]>
              </value>
            </param>
            <param index="1">
              <value>
                <![CDATA[Cox]]>
              </value>
            </param>
          </params>
          <reporter-output>
          </reporter-output>
        </test-method> <!-- fillFormNewCustomer -->
        <test-method signature="fillFormNewCustomer(java.lang.String,java.lang.String)[pri:0, instance:com.unosquare.amazon.pom.test.SignInTest@31e75d13]" started-at="2021-10-21T19:59:04 CDT" name="fillFormNewCustomer" data-provider="dataprovider-names-employees" finished-at="2021-10-21T19:59:04 CDT" depends-on-methods="com.unosquare.amazon.pom.test.SignInTest.signInCustomer" duration-ms="292" status="PASS">
          <params>
            <param index="0">
              <value>
                <![CDATA[Cedric]]>
              </value>
            </param>
            <param index="1">
              <value>
                <![CDATA[Kelly]]>
              </value>
            </param>
          </params>
          <reporter-output>
          </reporter-output>
        </test-method> <!-- fillFormNewCustomer -->
        <test-method signature="fillFormNewCustomer(java.lang.String,java.lang.String)[pri:0, instance:com.unosquare.amazon.pom.test.SignInTest@31e75d13]" started-at="2021-10-21T19:59:04 CDT" name="fillFormNewCustomer" data-provider="dataprovider-names-employees" finished-at="2021-10-21T19:59:04 CDT" depends-on-methods="com.unosquare.amazon.pom.test.SignInTest.signInCustomer" duration-ms="271" status="PASS">
          <params>
            <param index="0">
              <value>
                <![CDATA[Airi]]>
              </value>
            </param>
            <param index="1">
              <value>
                <![CDATA[Satou]]>
              </value>
            </param>
          </params>
          <reporter-output>
          </reporter-output>
        </test-method> <!-- fillFormNewCustomer -->
        <test-method signature="fillFormNewCustomer(java.lang.String,java.lang.String)[pri:0, instance:com.unosquare.amazon.pom.test.SignInTest@31e75d13]" started-at="2021-10-21T19:59:04 CDT" name="fillFormNewCustomer" data-provider="dataprovider-names-employees" finished-at="2021-10-21T19:59:04 CDT" depends-on-methods="com.unosquare.amazon.pom.test.SignInTest.signInCustomer" duration-ms="289" status="PASS">
          <params>
            <param index="0">
              <value>
                <![CDATA[Brielle]]>
              </value>
            </param>
            <param index="1">
              <value>
                <![CDATA[Williamson]]>
              </value>
            </param>
          </params>
          <reporter-output>
          </reporter-output>
        </test-method> <!-- fillFormNewCustomer -->
        <test-method signature="fillFormNewCustomer(java.lang.String,java.lang.String)[pri:0, instance:com.unosquare.amazon.pom.test.SignInTest@31e75d13]" started-at="2021-10-21T19:59:04 CDT" name="fillFormNewCustomer" data-provider="dataprovider-names-employees" finished-at="2021-10-21T19:59:05 CDT" depends-on-methods="com.unosquare.amazon.pom.test.SignInTest.signInCustomer" duration-ms="274" status="PASS">
          <params>
            <param index="0">
              <value>
                <![CDATA[Herrod]]>
              </value>
            </param>
            <param index="1">
              <value>
                <![CDATA[Chandler]]>
              </value>
            </param>
          </params>
          <reporter-output>
          </reporter-output>
        </test-method> <!-- fillFormNewCustomer -->
        <test-method signature="fillFormNewCustomer(java.lang.String,java.lang.String)[pri:0, instance:com.unosquare.amazon.pom.test.SignInTest@31e75d13]" started-at="2021-10-21T19:59:05 CDT" name="fillFormNewCustomer" data-provider="dataprovider-names-employees" finished-at="2021-10-21T19:59:05 CDT" depends-on-methods="com.unosquare.amazon.pom.test.SignInTest.signInCustomer" duration-ms="273" status="PASS">
          <params>
            <param index="0">
              <value>
                <![CDATA[Rhona]]>
              </value>
            </param>
            <param index="1">
              <value>
                <![CDATA[Davidson]]>
              </value>
            </param>
          </params>
          <reporter-output>
          </reporter-output>
        </test-method> <!-- fillFormNewCustomer -->
        <test-method signature="fillFormNewCustomer(java.lang.String,java.lang.String)[pri:0, instance:com.unosquare.amazon.pom.test.SignInTest@31e75d13]" started-at="2021-10-21T19:59:05 CDT" name="fillFormNewCustomer" data-provider="dataprovider-names-employees" finished-at="2021-10-21T19:59:05 CDT" depends-on-methods="com.unosquare.amazon.pom.test.SignInTest.signInCustomer" duration-ms="278" status="PASS">
          <params>
            <param index="0">
              <value>
                <![CDATA[Colleen]]>
              </value>
            </param>
            <param index="1">
              <value>
                <![CDATA[Hurst]]>
              </value>
            </param>
          </params>
          <reporter-output>
          </reporter-output>
        </test-method> <!-- fillFormNewCustomer -->
        <test-method signature="fillFormNewCustomer(java.lang.String,java.lang.String)[pri:0, instance:com.unosquare.amazon.pom.test.SignInTest@31e75d13]" started-at="2021-10-21T19:59:05 CDT" name="fillFormNewCustomer" data-provider="dataprovider-names-employees" finished-at="2021-10-21T19:59:06 CDT" depends-on-methods="com.unosquare.amazon.pom.test.SignInTest.signInCustomer" duration-ms="289" status="PASS">
          <params>
            <param index="0">
              <value>
                <![CDATA[Sonya]]>
              </value>
            </param>
            <param index="1">
              <value>
                <![CDATA[Frost]]>
              </value>
            </param>
          </params>
          <reporter-output>
          </reporter-output>
        </test-method> <!-- fillFormNewCustomer -->
        <test-method signature="fillFormNewCustomer(java.lang.String,java.lang.String)[pri:0, instance:com.unosquare.amazon.pom.test.SignInTest@31e75d13]" started-at="2021-10-21T19:59:06 CDT" name="fillFormNewCustomer" data-provider="dataprovider-names-employees" finished-at="2021-10-21T19:59:06 CDT" depends-on-methods="com.unosquare.amazon.pom.test.SignInTest.signInCustomer" duration-ms="262" status="PASS">
          <params>
            <param index="0">
              <value>
                <![CDATA[Jena]]>
              </value>
            </param>
            <param index="1">
              <value>
                <![CDATA[Gaines]]>
              </value>
            </param>
          </params>
          <reporter-output>
          </reporter-output>
        </test-method> <!-- fillFormNewCustomer -->
        <test-method signature="fillFormNewCustomer(java.lang.String,java.lang.String)[pri:0, instance:com.unosquare.amazon.pom.test.SignInTest@31e75d13]" started-at="2021-10-21T19:59:06 CDT" name="fillFormNewCustomer" data-provider="dataprovider-names-employees" finished-at="2021-10-21T19:59:06 CDT" depends-on-methods="com.unosquare.amazon.pom.test.SignInTest.signInCustomer" duration-ms="261" status="PASS">
          <params>
            <param index="0">
              <value>
                <![CDATA[Quinn]]>
              </value>
            </param>
            <param index="1">
              <value>
                <![CDATA[Flynn]]>
              </value>
            </param>
          </params>
          <reporter-output>
          </reporter-output>
        </test-method> <!-- fillFormNewCustomer -->
        <test-method signature="fillFormNewCustomer(java.lang.String,java.lang.String)[pri:0, instance:com.unosquare.amazon.pom.test.SignInTest@31e75d13]" started-at="2021-10-21T19:59:06 CDT" name="fillFormNewCustomer" data-provider="dataprovider-names-employees" finished-at="2021-10-21T19:59:06 CDT" depends-on-methods="com.unosquare.amazon.pom.test.SignInTest.signInCustomer" duration-ms="271" status="PASS">
          <params>
            <param index="0">
              <value>
                <![CDATA[Charde]]>
              </value>
            </param>
            <param index="1">
              <value>
                <![CDATA[Marshall]]>
              </value>
            </param>
          </params>
          <reporter-output>
          </reporter-output>
        </test-method> <!-- fillFormNewCustomer -->
        <test-method signature="fillFormNewCustomer(java.lang.String,java.lang.String)[pri:0, instance:com.unosquare.amazon.pom.test.SignInTest@31e75d13]" started-at="2021-10-21T19:59:06 CDT" name="fillFormNewCustomer" data-provider="dataprovider-names-employees" finished-at="2021-10-21T19:59:07 CDT" depends-on-methods="com.unosquare.amazon.pom.test.SignInTest.signInCustomer" duration-ms="328" status="PASS">
          <params>
            <param index="0">
              <value>
                <![CDATA[Haley]]>
              </value>
            </param>
            <param index="1">
              <value>
                <![CDATA[Kennedy]]>
              </value>
            </param>
          </params>
          <reporter-output>
          </reporter-output>
        </test-method> <!-- fillFormNewCustomer -->
        <test-method signature="fillFormNewCustomer(java.lang.String,java.lang.String)[pri:0, instance:com.unosquare.amazon.pom.test.SignInTest@31e75d13]" started-at="2021-10-21T19:59:07 CDT" name="fillFormNewCustomer" data-provider="dataprovider-names-employees" finished-at="2021-10-21T19:59:07 CDT" depends-on-methods="com.unosquare.amazon.pom.test.SignInTest.signInCustomer" duration-ms="367" status="PASS">
          <params>
            <param index="0">
              <value>
                <![CDATA[Tatyana]]>
              </value>
            </param>
            <param index="1">
              <value>
                <![CDATA[Fitzpatrick]]>
              </value>
            </param>
          </params>
          <reporter-output>
          </reporter-output>
        </test-method> <!-- fillFormNewCustomer -->
        <test-method signature="fillFormNewCustomer(java.lang.String,java.lang.String)[pri:0, instance:com.unosquare.amazon.pom.test.SignInTest@31e75d13]" started-at="2021-10-21T19:59:07 CDT" name="fillFormNewCustomer" data-provider="dataprovider-names-employees" finished-at="2021-10-21T19:59:07 CDT" depends-on-methods="com.unosquare.amazon.pom.test.SignInTest.signInCustomer" duration-ms="342" status="PASS">
          <params>
            <param index="0">
              <value>
                <![CDATA[Michael]]>
              </value>
            </param>
            <param index="1">
              <value>
                <![CDATA[Silva]]>
              </value>
            </param>
          </params>
          <reporter-output>
          </reporter-output>
        </test-method> <!-- fillFormNewCustomer -->
        <test-method signature="fillFormNewCustomer(java.lang.String,java.lang.String)[pri:0, instance:com.unosquare.amazon.pom.test.SignInTest@31e75d13]" started-at="2021-10-21T19:59:07 CDT" name="fillFormNewCustomer" data-provider="dataprovider-names-employees" finished-at="2021-10-21T19:59:08 CDT" depends-on-methods="com.unosquare.amazon.pom.test.SignInTest.signInCustomer" duration-ms="323" status="PASS">
          <params>
            <param index="0">
              <value>
                <![CDATA[Paul]]>
              </value>
            </param>
            <param index="1">
              <value>
                <![CDATA[Byrd]]>
              </value>
            </param>
          </params>
          <reporter-output>
          </reporter-output>
        </test-method> <!-- fillFormNewCustomer -->
        <test-method signature="fillFormNewCustomer(java.lang.String,java.lang.String)[pri:0, instance:com.unosquare.amazon.pom.test.SignInTest@31e75d13]" started-at="2021-10-21T19:59:08 CDT" name="fillFormNewCustomer" data-provider="dataprovider-names-employees" finished-at="2021-10-21T19:59:08 CDT" depends-on-methods="com.unosquare.amazon.pom.test.SignInTest.signInCustomer" duration-ms="346" status="PASS">
          <params>
            <param index="0">
              <value>
                <![CDATA[Gloria]]>
              </value>
            </param>
            <param index="1">
              <value>
                <![CDATA[Little]]>
              </value>
            </param>
          </params>
          <reporter-output>
          </reporter-output>
        </test-method> <!-- fillFormNewCustomer -->
        <test-method signature="fillFormNewCustomer(java.lang.String,java.lang.String)[pri:0, instance:com.unosquare.amazon.pom.test.SignInTest@31e75d13]" started-at="2021-10-21T19:59:08 CDT" name="fillFormNewCustomer" data-provider="dataprovider-names-employees" finished-at="2021-10-21T19:59:08 CDT" depends-on-methods="com.unosquare.amazon.pom.test.SignInTest.signInCustomer" duration-ms="306" status="PASS">
          <params>
            <param index="0">
              <value>
                <![CDATA[Bradley]]>
              </value>
            </param>
            <param index="1">
              <value>
                <![CDATA[Greer]]>
              </value>
            </param>
          </params>
          <reporter-output>
          </reporter-output>
        </test-method> <!-- fillFormNewCustomer -->
        <test-method signature="fillFormNewCustomer(java.lang.String,java.lang.String)[pri:0, instance:com.unosquare.amazon.pom.test.SignInTest@31e75d13]" started-at="2021-10-21T19:59:08 CDT" name="fillFormNewCustomer" data-provider="dataprovider-names-employees" finished-at="2021-10-21T19:59:09 CDT" depends-on-methods="com.unosquare.amazon.pom.test.SignInTest.signInCustomer" duration-ms="289" status="PASS">
          <params>
            <param index="0">
              <value>
                <![CDATA[Dai]]>
              </value>
            </param>
            <param index="1">
              <value>
                <![CDATA[Rios]]>
              </value>
            </param>
          </params>
          <reporter-output>
          </reporter-output>
        </test-method> <!-- fillFormNewCustomer -->
        <test-method signature="fillFormNewCustomer(java.lang.String,java.lang.String)[pri:0, instance:com.unosquare.amazon.pom.test.SignInTest@31e75d13]" started-at="2021-10-21T19:59:09 CDT" name="fillFormNewCustomer" data-provider="dataprovider-names-employees" finished-at="2021-10-21T19:59:09 CDT" depends-on-methods="com.unosquare.amazon.pom.test.SignInTest.signInCustomer" duration-ms="289" status="PASS">
          <params>
            <param index="0">
              <value>
                <![CDATA[Jenette]]>
              </value>
            </param>
            <param index="1">
              <value>
                <![CDATA[Caldwell]]>
              </value>
            </param>
          </params>
          <reporter-output>
          </reporter-output>
        </test-method> <!-- fillFormNewCustomer -->
        <test-method signature="fillFormNewCustomer(java.lang.String,java.lang.String)[pri:0, instance:com.unosquare.amazon.pom.test.SignInTest@31e75d13]" started-at="2021-10-21T19:59:09 CDT" name="fillFormNewCustomer" data-provider="dataprovider-names-employees" finished-at="2021-10-21T19:59:09 CDT" depends-on-methods="com.unosquare.amazon.pom.test.SignInTest.signInCustomer" duration-ms="286" status="PASS">
          <params>
            <param index="0">
              <value>
                <![CDATA[Yuri]]>
              </value>
            </param>
            <param index="1">
              <value>
                <![CDATA[Berry]]>
              </value>
            </param>
          </params>
          <reporter-output>
          </reporter-output>
        </test-method> <!-- fillFormNewCustomer -->
        <test-method signature="fillFormNewCustomer(java.lang.String,java.lang.String)[pri:0, instance:com.unosquare.amazon.pom.test.SignInTest@31e75d13]" started-at="2021-10-21T19:59:09 CDT" name="fillFormNewCustomer" data-provider="dataprovider-names-employees" finished-at="2021-10-21T19:59:10 CDT" depends-on-methods="com.unosquare.amazon.pom.test.SignInTest.signInCustomer" duration-ms="302" status="PASS">
          <params>
            <param index="0">
              <value>
                <![CDATA[Caesar]]>
              </value>
            </param>
            <param index="1">
              <value>
                <![CDATA[Vance]]>
              </value>
            </param>
          </params>
          <reporter-output>
          </reporter-output>
        </test-method> <!-- fillFormNewCustomer -->
        <test-method signature="fillFormNewCustomer(java.lang.String,java.lang.String)[pri:0, instance:com.unosquare.amazon.pom.test.SignInTest@31e75d13]" started-at="2021-10-21T19:59:10 CDT" name="fillFormNewCustomer" data-provider="dataprovider-names-employees" finished-at="2021-10-21T19:59:10 CDT" depends-on-methods="com.unosquare.amazon.pom.test.SignInTest.signInCustomer" duration-ms="270" status="PASS">
          <params>
            <param index="0">
              <value>
                <![CDATA[Doris]]>
              </value>
            </param>
            <param index="1">
              <value>
                <![CDATA[Wilder]]>
              </value>
            </param>
          </params>
          <reporter-output>
          </reporter-output>
        </test-method> <!-- fillFormNewCustomer -->
        <test-method signature="openConditionsPage()[pri:0, instance:com.unosquare.amazon.pom.test.SignInTest@31e75d13]" started-at="2021-10-21T19:59:10 CDT" name="openConditionsPage" finished-at="2021-10-21T19:59:14 CDT" depends-on-methods="com.unosquare.amazon.pom.test.SignInTest.fillFormNewCustomer" duration-ms="4537" status="PASS">
          <reporter-output>
          </reporter-output>
        </test-method> <!-- openConditionsPage -->
      </class> <!-- com.unosquare.amazon.pom.test.SignInTest -->
      <class name="com.unosquare.amazon.pageFactory.test.SearchProductTest">
        <test-method is-config="true" signature="setupWebDriver_Chrome()[pri:0, instance:com.unosquare.amazon.pageFactory.test.SearchProductTest@696da30b]" started-at="2021-10-21T19:58:42 CDT" name="setupWebDriver_Chrome" finished-at="2021-10-21T19:58:49 CDT" duration-ms="7583" status="PASS">
          <reporter-output>
          </reporter-output>
        </test-method> <!-- setupWebDriver_Chrome -->
        <test-method signature="validate_searchResults()[pri:0, instance:com.unosquare.amazon.pageFactory.test.SearchProductTest@696da30b]" started-at="2021-10-21T19:58:49 CDT" name="validate_searchResults" finished-at="2021-10-21T19:58:52 CDT" duration-ms="3082" status="PASS">
          <reporter-output>
          </reporter-output>
        </test-method> <!-- validate_searchResults -->
        <test-method signature="validate_priceOfItemSelected()[pri:0, instance:com.unosquare.amazon.pageFactory.test.SearchProductTest@696da30b]" started-at="2021-10-21T19:58:52 CDT" name="validate_priceOfItemSelected" finished-at="2021-10-21T19:58:54 CDT" depends-on-methods="com.unosquare.amazon.pageFactory.test.SearchProductTest.validate_searchResults" duration-ms="1804" status="FAIL">
          <exception class="org.openqa.selenium.NoSuchWindowException">
            <message>
              <![CDATA[no such window: window was already closed
  (Session info: chrome=95.0.4638.54)
Build info: version: '3.141.59', revision: 'e82be7d358', time: '2018-11-14T08:17:03'
System info: host: 'MX-IT04014.local', ip: '2806:2f0:7080:634:99ad:8382:e4b2:5797%en0', os.name: 'Mac OS X', os.arch: 'x86_64', os.version: '10.16', java.version: '11.0.9.1'
Driver info: org.openqa.selenium.chrome.ChromeDriver
Capabilities {acceptInsecureCerts: false, browserName: chrome, browserVersion: 95.0.4638.54, chrome: {chromedriverVersion: 94.0.4606.61 (418b78f5838ed..., userDataDir: /var/folders/d9/z9g2hfgs3lz...}, goog:chromeOptions: {debuggerAddress: localhost:65445}, javascriptEnabled: true, networkConnectionEnabled: false, pageLoadStrategy: normal, platform: MAC, platformName: MAC, proxy: Proxy(), setWindowRect: true, strictFileInteractability: false, timeouts: {implicit: 0, pageLoad: 300000, script: 30000}, unhandledPromptBehavior: dismiss and notify, webauthn:extension:credBlob: true, webauthn:extension:largeBlob: true, webauthn:virtualAuthenticators: true}
Session ID: c3a9a0a25c1d48eb4c263003fb8dc9d0
*** Element info: {Using=id, value=price_inside_buybox}]]>
            </message>
            <full-stacktrace>
              <![CDATA[org.openqa.selenium.NoSuchWindowException: no such window: window was already closed
  (Session info: chrome=95.0.4638.54)
Build info: version: '3.141.59', revision: 'e82be7d358', time: '2018-11-14T08:17:03'
System info: host: 'MX-IT04014.local', ip: '2806:2f0:7080:634:99ad:8382:e4b2:5797%en0', os.name: 'Mac OS X', os.arch: 'x86_64', os.version: '10.16', java.version: '11.0.9.1'
Driver info: org.openqa.selenium.chrome.ChromeDriver
Capabilities {acceptInsecureCerts: false, browserName: chrome, browserVersion: 95.0.4638.54, chrome: {chromedriverVersion: 94.0.4606.61 (418b78f5838ed..., userDataDir: /var/folders/d9/z9g2hfgs3lz...}, goog:chromeOptions: {debuggerAddress: localhost:65445}, javascriptEnabled: true, networkConnectionEnabled: false, pageLoadStrategy: normal, platform: MAC, platformName: MAC, proxy: Proxy(), setWindowRect: true, strictFileInteractability: false, timeouts: {implicit: 0, pageLoad: 300000, script: 30000}, unhandledPromptBehavior: dismiss and notify, webauthn:extension:credBlob: true, webauthn:extension:largeBlob: true, webauthn:virtualAuthenticators: true}
Session ID: c3a9a0a25c1d48eb4c263003fb8dc9d0
*** Element info: {Using=id, value=price_inside_buybox}
at java.base/jdk.internal.reflect.NativeConstructorAccessorImpl.newInstance0(Native Method)
at java.base/jdk.internal.reflect.NativeConstructorAccessorImpl.newInstance(NativeConstructorAccessorImpl.java:62)
at java.base/jdk.internal.reflect.DelegatingConstructorAccessorImpl.newInstance(DelegatingConstructorAccessorImpl.java:45)
at java.base/java.lang.reflect.Constructor.newInstance(Constructor.java:490)
at org.openqa.selenium.remote.http.W3CHttpResponseCodec.createException(W3CHttpResponseCodec.java:187)
at org.openqa.selenium.remote.http.W3CHttpResponseCodec.decode(W3CHttpResponseCodec.java:122)
at org.openqa.selenium.remote.http.W3CHttpResponseCodec.decode(W3CHttpResponseCodec.java:49)
at org.openqa.selenium.remote.HttpCommandExecutor.execute(HttpCommandExecutor.java:158)
at org.openqa.selenium.remote.service.DriverCommandExecutor.execute(DriverCommandExecutor.java:83)
at org.openqa.selenium.remote.RemoteWebDriver.execute(RemoteWebDriver.java:552)
at org.openqa.selenium.remote.RemoteWebDriver.findElement(RemoteWebDriver.java:323)
at org.openqa.selenium.remote.RemoteWebDriver.findElementById(RemoteWebDriver.java:372)
at org.openqa.selenium.By$ById.findElement(By.java:188)
at org.openqa.selenium.remote.RemoteWebDriver.findElement(RemoteWebDriver.java:315)
at org.openqa.selenium.support.pagefactory.DefaultElementLocator.findElement(DefaultElementLocator.java:69)
at org.openqa.selenium.support.pagefactory.internal.LocatingElementHandler.invoke(LocatingElementHandler.java:38)
at com.sun.proxy.$Proxy15.getText(Unknown Source)
at com.unosquare.amazon.pageFactory.pages.ProductPage.getPriceProduct(ProductPage.java:19)
at com.unosquare.amazon.pageFactory.test.SearchProductTest.validate_priceOfItemSelected(SearchProductTest.java:64)
at java.base/jdk.internal.reflect.NativeMethodAccessorImpl.invoke0(Native Method)
at java.base/jdk.internal.reflect.NativeMethodAccessorImpl.invoke(NativeMethodAccessorImpl.java:62)
at java.base/jdk.internal.reflect.DelegatingMethodAccessorImpl.invoke(DelegatingMethodAccessorImpl.java:43)
at java.base/java.lang.reflect.Method.invoke(Method.java:566)
at org.testng.internal.MethodInvocationHelper.invokeMethod(MethodInvocationHelper.java:133)
at org.testng.internal.TestInvoker.invokeMethod(TestInvoker.java:598)
at org.testng.internal.TestInvoker.invokeTestMethod(TestInvoker.java:173)
at org.testng.internal.MethodRunner.runInSequence(MethodRunner.java:46)
at org.testng.internal.TestInvoker$MethodInvocationAgent.invoke(TestInvoker.java:824)
at org.testng.internal.TestInvoker.invokeTestMethods(TestInvoker.java:146)
at org.testng.internal.TestMethodWorker.invokeTestMethods(TestMethodWorker.java:146)
at org.testng.internal.TestMethodWorker.run(TestMethodWorker.java:128)
at java.base/java.util.ArrayList.forEach(ArrayList.java:1541)
at org.testng.TestRunner.privateRun(TestRunner.java:794)
at org.testng.TestRunner.run(TestRunner.java:596)
at org.testng.SuiteRunner.runTest(SuiteRunner.java:377)
at org.testng.SuiteRunner.runSequentially(SuiteRunner.java:371)
at org.testng.SuiteRunner.privateRun(SuiteRunner.java:332)
at org.testng.SuiteRunner.run(SuiteRunner.java:276)
at org.testng.SuiteRunnerWorker.runSuite(SuiteRunnerWorker.java:53)
at org.testng.SuiteRunnerWorker.run(SuiteRunnerWorker.java:96)
at org.testng.TestNG.runSuitesSequentially(TestNG.java:1212)
at org.testng.TestNG.runSuitesLocally(TestNG.java:1134)
at org.testng.TestNG.runSuites(TestNG.java:1063)
at org.testng.TestNG.run(TestNG.java:1031)
at org.apache.maven.surefire.testng.TestNGExecutor.run(TestNGExecutor.java:178)
at org.apache.maven.surefire.testng.TestNGXmlTestSuite.execute(TestNGXmlTestSuite.java:92)
at org.apache.maven.surefire.testng.TestNGProvider.invoke(TestNGProvider.java:96)
at java.base/jdk.internal.reflect.NativeMethodAccessorImpl.invoke0(Native Method)
at java.base/jdk.internal.reflect.NativeMethodAccessorImpl.invoke(NativeMethodAccessorImpl.java:62)
at java.base/jdk.internal.reflect.DelegatingMethodAccessorImpl.invoke(DelegatingMethodAccessorImpl.java:43)
at java.base/java.lang.reflect.Method.invoke(Method.java:566)
at org.apache.maven.surefire.util.ReflectionUtils.invokeMethodWithArray2(ReflectionUtils.java:208)
at org.apache.maven.surefire.booter.ProviderFactory$ProviderProxy.invoke(ProviderFactory.java:159)
at org.apache.maven.surefire.booter.ProviderFactory.invokeProvider(ProviderFactory.java:87)
at org.apache.maven.surefire.booter.ForkedBooter.runSuitesInProcess(ForkedBooter.java:153)
at org.apache.maven.surefire.booter.ForkedBooter.main(ForkedBooter.java:95)
]]>
            </full-stacktrace>
          </exception> <!-- org.openqa.selenium.NoSuchWindowException -->
          <reporter-output>
          </reporter-output>
        </test-method> <!-- validate_priceOfItemSelected -->
        <test-method signature="validate_priceOfItemOnCart()[pri:0, instance:com.unosquare.amazon.pageFactory.test.SearchProductTest@696da30b]" started-at="2021-10-21T19:58:54 CDT" name="validate_priceOfItemOnCart" finished-at="2021-10-21T19:58:54 CDT" depends-on-methods="com.unosquare.amazon.pageFactory.test.SearchProductTest.validate_priceOfItemSelected" duration-ms="0" status="SKIP">
          <exception class="java.lang.Throwable">
            <message>
              <![CDATA[Method SearchProductTest.validate_priceOfItemOnCart()[pri:0, instance:com.unosquare.amazon.pageFactory.test.SearchProductTest@696da30b] depends on not successfully finished methods]]>
            </message>
            <full-stacktrace>
              <![CDATA[java.lang.Throwable: Method SearchProductTest.validate_priceOfItemOnCart()[pri:0, instance:com.unosquare.amazon.pageFactory.test.SearchProductTest@696da30b] depends on not successfully finished methods
at org.testng.internal.TestInvoker.invokeTestMethods(TestInvoker.java:102)
at org.testng.internal.TestMethodWorker.invokeTestMethods(TestMethodWorker.java:146)
at org.testng.internal.TestMethodWorker.run(TestMethodWorker.java:128)
at java.base/java.util.ArrayList.forEach(ArrayList.java:1541)
at org.testng.TestRunner.privateRun(TestRunner.java:794)
at org.testng.TestRunner.run(TestRunner.java:596)
at org.testng.SuiteRunner.runTest(SuiteRunner.java:377)
at org.testng.SuiteRunner.runSequentially(SuiteRunner.java:371)
at org.testng.SuiteRunner.privateRun(SuiteRunner.java:332)
at org.testng.SuiteRunner.run(SuiteRunner.java:276)
at org.testng.SuiteRunnerWorker.runSuite(SuiteRunnerWorker.java:53)
at org.testng.SuiteRunnerWorker.run(SuiteRunnerWorker.java:96)
at org.testng.TestNG.runSuitesSequentially(TestNG.java:1212)
at org.testng.TestNG.runSuitesLocally(TestNG.java:1134)
at org.testng.TestNG.runSuites(TestNG.java:1063)
at org.testng.TestNG.run(TestNG.java:1031)
at org.apache.maven.surefire.testng.TestNGExecutor.run(TestNGExecutor.java:178)
at org.apache.maven.surefire.testng.TestNGXmlTestSuite.execute(TestNGXmlTestSuite.java:92)
at org.apache.maven.surefire.testng.TestNGProvider.invoke(TestNGProvider.java:96)
at java.base/jdk.internal.reflect.NativeMethodAccessorImpl.invoke0(Native Method)
at java.base/jdk.internal.reflect.NativeMethodAccessorImpl.invoke(NativeMethodAccessorImpl.java:62)
at java.base/jdk.internal.reflect.DelegatingMethodAccessorImpl.invoke(DelegatingMethodAccessorImpl.java:43)
at java.base/java.lang.reflect.Method.invoke(Method.java:566)
at org.apache.maven.surefire.util.ReflectionUtils.invokeMethodWithArray2(ReflectionUtils.java:208)
at org.apache.maven.surefire.booter.ProviderFactory$ProviderProxy.invoke(ProviderFactory.java:159)
at org.apache.maven.surefire.booter.ProviderFactory.invokeProvider(ProviderFactory.java:87)
at org.apache.maven.surefire.booter.ForkedBooter.runSuitesInProcess(ForkedBooter.java:153)
at org.apache.maven.surefire.booter.ForkedBooter.main(ForkedBooter.java:95)
]]>
            </full-stacktrace>
          </exception> <!-- java.lang.Throwable -->
          <reporter-output>
          </reporter-output>
        </test-method> <!-- validate_priceOfItemOnCart -->
        <test-method is-config="true" signature="exitWebDriver_Chrome()[pri:0, instance:com.unosquare.amazon.pageFactory.test.SearchProductTest@696da30b]" started-at="2021-10-21T19:58:54 CDT" name="exitWebDriver_Chrome" finished-at="2021-10-21T19:58:54 CDT" duration-ms="3" status="FAIL">
          <exception class="java.lang.NullPointerException">
            <full-stacktrace>
              <![CDATA[java.lang.NullPointerException
at com.unosquare.amazon.pageFactory.test.SearchProductTest.exitWebDriver_Chrome(SearchProductTest.java:80)
at java.base/jdk.internal.reflect.NativeMethodAccessorImpl.invoke0(Native Method)
at java.base/jdk.internal.reflect.NativeMethodAccessorImpl.invoke(NativeMethodAccessorImpl.java:62)
at java.base/jdk.internal.reflect.DelegatingMethodAccessorImpl.invoke(DelegatingMethodAccessorImpl.java:43)
at java.base/java.lang.reflect.Method.invoke(Method.java:566)
at org.testng.internal.MethodInvocationHelper.invokeMethod(MethodInvocationHelper.java:133)
at org.testng.internal.MethodInvocationHelper.invokeMethodConsideringTimeout(MethodInvocationHelper.java:62)
at org.testng.internal.ConfigInvoker.invokeConfigurationMethod(ConfigInvoker.java:385)
at org.testng.internal.ConfigInvoker.invokeConfigurations(ConfigInvoker.java:321)
at org.testng.internal.TestMethodWorker.invokeAfterClassMethods(TestMethodWorker.java:217)
at org.testng.internal.TestMethodWorker.run(TestMethodWorker.java:130)
at java.base/java.util.ArrayList.forEach(ArrayList.java:1541)
at org.testng.TestRunner.privateRun(TestRunner.java:794)
at org.testng.TestRunner.run(TestRunner.java:596)
at org.testng.SuiteRunner.runTest(SuiteRunner.java:377)
at org.testng.SuiteRunner.runSequentially(SuiteRunner.java:371)
at org.testng.SuiteRunner.privateRun(SuiteRunner.java:332)
at org.testng.SuiteRunner.run(SuiteRunner.java:276)
at org.testng.SuiteRunnerWorker.runSuite(SuiteRunnerWorker.java:53)
at org.testng.SuiteRunnerWorker.run(SuiteRunnerWorker.java:96)
at org.testng.TestNG.runSuitesSequentially(TestNG.java:1212)
at org.testng.TestNG.runSuitesLocally(TestNG.java:1134)
at org.testng.TestNG.runSuites(TestNG.java:1063)
at org.testng.TestNG.run(TestNG.java:1031)
at org.apache.maven.surefire.testng.TestNGExecutor.run(TestNGExecutor.java:178)
at org.apache.maven.surefire.testng.TestNGXmlTestSuite.execute(TestNGXmlTestSuite.java:92)
at org.apache.maven.surefire.testng.TestNGProvider.invoke(TestNGProvider.java:96)
at java.base/jdk.internal.reflect.NativeMethodAccessorImpl.invoke0(Native Method)
at java.base/jdk.internal.reflect.NativeMethodAccessorImpl.invoke(NativeMethodAccessorImpl.java:62)
at java.base/jdk.internal.reflect.DelegatingMethodAccessorImpl.invoke(DelegatingMethodAccessorImpl.java:43)
at java.base/java.lang.reflect.Method.invoke(Method.java:566)
at org.apache.maven.surefire.util.ReflectionUtils.invokeMethodWithArray2(ReflectionUtils.java:208)
at org.apache.maven.surefire.booter.ProviderFactory$ProviderProxy.invoke(ProviderFactory.java:159)
at org.apache.maven.surefire.booter.ProviderFactory.invokeProvider(ProviderFactory.java:87)
at org.apache.maven.surefire.booter.ForkedBooter.runSuitesInProcess(ForkedBooter.java:153)
at org.apache.maven.surefire.booter.ForkedBooter.main(ForkedBooter.java:95)
]]>
            </full-stacktrace>
          </exception> <!-- java.lang.NullPointerException -->
          <reporter-output>
          </reporter-output>
        </test-method> <!-- exitWebDriver_Chrome -->
      </class> <!-- com.unosquare.amazon.pageFactory.test.SearchProductTest -->
    </test> <!-- Amazon -->
  </suite> <!-- Fist Test Case for UNOSUARE -->
</testng-results>
