<?xml version="1.0" encoding="UTF-8"?>
<testng-results ignored="0" total="3" passed="3" failed="0" skipped="0">
  <reporter-output>
  </reporter-output>
  <suite started-at="2021-10-21T20:48:17 CDT" name="Fist Test Case for UNOSUARE" finished-at="2021-10-21T20:48:34 CDT" duration-ms="16890">
    <groups>
    </groups>
    <test started-at="2021-10-21T20:48:17 CDT" name="Amazon" finished-at="2021-10-21T20:48:34 CDT" duration-ms="16890">
      <class name="com.unosquare.amazon.pageFactory.test.SearchProductTest">
        <test-method is-config="true" signature="setupWebDriver_Chrome()[pri:0, instance:com.unosquare.amazon.pageFactory.test.SearchProductTest@61386958]" started-at="2021-10-21T20:48:17 CDT" name="setupWebDriver_Chrome" finished-at="2021-10-21T20:48:23 CDT" duration-ms="5964" status="PASS">
          <reporter-output>
          </reporter-output>
        </test-method> <!-- setupWebDriver_Chrome -->
        <test-method signature="validate_searchResults()[pri:0, instance:com.unosquare.amazon.pageFactory.test.SearchProductTest@61386958]" started-at="2021-10-21T20:48:23 CDT" name="validate_searchResults" finished-at="2021-10-21T20:48:26 CDT" duration-ms="2841" status="PASS">
          <reporter-output>
          </reporter-output>
        </test-method> <!-- validate_searchResults -->
        <test-method signature="validate_priceOfItemSelected()[pri:0, instance:com.unosquare.amazon.pageFactory.test.SearchProductTest@61386958]" started-at="2021-10-21T20:48:26 CDT" name="validate_priceOfItemSelected" finished-at="2021-10-21T20:48:29 CDT" depends-on-methods="com.unosquare.amazon.pageFactory.test.SearchProductTest.validate_searchResults" duration-ms="3297" status="PASS">
          <reporter-output>
          </reporter-output>
        </test-method> <!-- validate_priceOfItemSelected -->
        <test-method signature="validate_priceOfItemOnCart()[pri:0, instance:com.unosquare.amazon.pageFactory.test.SearchProductTest@61386958]" started-at="2021-10-21T20:48:29 CDT" name="validate_priceOfItemOnCart" finished-at="2021-10-21T20:48:34 CDT" depends-on-methods="com.unosquare.amazon.pageFactory.test.SearchProductTest.validate_priceOfItemSelected" duration-ms="4473" status="PASS">
          <reporter-output>
          </reporter-output>
        </test-method> <!-- validate_priceOfItemOnCart -->
        <test-method is-config="true" signature="exitWebDriver_Chrome()[pri:0, instance:com.unosquare.amazon.pageFactory.test.SearchProductTest@61386958]" started-at="2021-10-21T20:48:34 CDT" name="exitWebDriver_Chrome" finished-at="2021-10-21T20:48:34 CDT" duration-ms="291" status="PASS">
          <reporter-output>
          </reporter-output>
        </test-method> <!-- exitWebDriver_Chrome -->
      </class> <!-- com.unosquare.amazon.pageFactory.test.SearchProductTest -->
    </test> <!-- Amazon -->
  </suite> <!-- Fist Test Case for UNOSUARE -->
</testng-results>
