<?xml version="1.0" encoding="UTF-8"?>
<testsuite name="TestSuite" time="10.614" tests="3" errors="0" skipped="0" failures="0">
  <properties>
[...]
</properties>
  <testcase name="validate_searchResults" classname="com.unosquare.amazon.pageFactory.test.SearchProductTest" time="2.842"/>
  <testcase name="validate_priceOfItemSelected" classname="com.unosquare.amazon.pageFactory.test.SearchProductTest" time="3.298"/>
  <testcase name="validate_priceOfItemOnCart" classname="com.unosquare.amazon.pageFactory.test.SearchProductTest" time="4.474"/>
</testsuite>